<?xml version="1.0" encoding="UTF-8"?>
<!-- Generated by org.testng.reporters.JUnitReportReporter -->
<testsuite hostname="ASUS-TUF-Gaming-A17" failures="0" tests="1" name="day21.Demo1" time="0.010" errors="0" timestamp="19 Jun 2023 12:40:23 GMT" skipped="0">
  <testcase classname="day21.Demo1" name="test" time="0.010"/>
</testsuite> <!-- day21.Demo1 -->
